[0.033s] Invoking command in '/home/user/ros2_ws/build/my_first': CMAKE_PREFIX_PATH=${CMAKE_PREFIX_PATH}:/opt/ros/jazzy DEBUGINFOD_URLS=https://debuginfod.ubuntu.com /usr/bin/cmake /home/user/ros2_ws/src/my_first -DAMENT_CMAKE_SYMLINK_INSTALL=1 -DCMAKE_INSTALL_PREFIX=/home/user/ros2_ws/install/my_first
[0.326s] -- The C compiler identification is GNU 13.3.0
[0.540s] -- The CXX compiler identification is GNU 13.3.0
[0.572s] -- Detecting C compiler ABI info
[0.696s] -- Detecting C compiler ABI info - done
[0.717s] -- Check for working C compiler: /usr/bin/cc - skipped
[0.723s] -- Detecting C compile features
[0.725s] -- Detecting C compile features - done
[0.739s] -- Detecting CXX compiler ABI info
[0.881s] -- Detecting CXX compiler ABI info - done
[0.902s] -- Check for working CXX compiler: /usr/bin/c++ - skipped
[0.903s] -- Detecting CXX compile features
[0.904s] -- Detecting CXX compile features - done
[0.923s] -- Found ament_cmake: 2.5.6 (/opt/ros/jazzy/share/ament_cmake/cmake)
[1.156s] -- Found Python3: /usr/bin/python3 (found version "3.12.3") found components: Interpreter 
[1.293s] -- Override CMake install command with custom implementation using symlinks instead of copying resources
[1.402s] -- Found ament_lint_auto: 0.17.5 (/opt/ros/jazzy/share/ament_lint_auto/cmake)
[1.640s] -- Added test 'lint_cmake' to check CMake code style
[1.642s] -- Added test 'xmllint' to check XML markup files
[1.645s] -- Configuring done (1.6s)
[1.648s] -- Generating done (0.0s)
[1.651s] -- Build files have been written to: /home/user/ros2_ws/build/my_first
[1.661s] Invoked command in '/home/user/ros2_ws/build/my_first' returned '0': CMAKE_PREFIX_PATH=${CMAKE_PREFIX_PATH}:/opt/ros/jazzy DEBUGINFOD_URLS=https://debuginfod.ubuntu.com /usr/bin/cmake /home/user/ros2_ws/src/my_first -DAMENT_CMAKE_SYMLINK_INSTALL=1 -DCMAKE_INSTALL_PREFIX=/home/user/ros2_ws/install/my_first
[1.662s] Invoking command in '/home/user/ros2_ws/build/my_first': CMAKE_PREFIX_PATH=${CMAKE_PREFIX_PATH}:/opt/ros/jazzy DEBUGINFOD_URLS=https://debuginfod.ubuntu.com /usr/bin/cmake --build /home/user/ros2_ws/build/my_first -- -j6 -l6
[1.719s] Invoked command in '/home/user/ros2_ws/build/my_first' returned '0': CMAKE_PREFIX_PATH=${CMAKE_PREFIX_PATH}:/opt/ros/jazzy DEBUGINFOD_URLS=https://debuginfod.ubuntu.com /usr/bin/cmake --build /home/user/ros2_ws/build/my_first -- -j6 -l6
[1.737s] Invoking command in '/home/user/ros2_ws/build/my_first': CMAKE_PREFIX_PATH=${CMAKE_PREFIX_PATH}:/opt/ros/jazzy DEBUGINFOD_URLS=https://debuginfod.ubuntu.com /usr/bin/cmake --install /home/user/ros2_ws/build/my_first
[1.748s] -- Install configuration: ""
[1.748s] -- Execute custom install script
[1.748s] -- Symlinking: /home/user/ros2_ws/install/my_first/share/ament_index/resource_index/package_run_dependencies/my_first
[1.761s] -- Symlinking: /home/user/ros2_ws/install/my_first/share/ament_index/resource_index/parent_prefix_path/my_first
[1.772s] -- Symlinking: /home/user/ros2_ws/install/my_first/share/my_first/environment/ament_prefix_path.sh
[1.783s] -- Symlinking: /home/user/ros2_ws/install/my_first/share/my_first/environment/ament_prefix_path.dsv
[1.794s] -- Symlinking: /home/user/ros2_ws/install/my_first/share/my_first/environment/path.sh
[1.803s] -- Symlinking: /home/user/ros2_ws/install/my_first/share/my_first/environment/path.dsv
[1.812s] -- Symlinking: /home/user/ros2_ws/install/my_first/share/my_first/local_setup.bash
[1.823s] -- Symlinking: /home/user/ros2_ws/install/my_first/share/my_first/local_setup.sh
[1.834s] -- Symlinking: /home/user/ros2_ws/install/my_first/share/my_first/local_setup.zsh
[1.843s] -- Symlinking: /home/user/ros2_ws/install/my_first/share/my_first/local_setup.dsv
[1.853s] -- Symlinking: /home/user/ros2_ws/install/my_first/share/my_first/package.dsv
[1.864s] -- Symlinking: /home/user/ros2_ws/install/my_first/share/ament_index/resource_index/packages/my_first
[1.875s] -- Symlinking: /home/user/ros2_ws/install/my_first/share/my_first/cmake/my_firstConfig.cmake
[1.886s] -- Symlinking: /home/user/ros2_ws/install/my_first/share/my_first/cmake/my_firstConfig-version.cmake
[1.895s] -- Symlinking: /home/user/ros2_ws/install/my_first/share/my_first/package.xml
[1.909s] Invoked command in '/home/user/ros2_ws/build/my_first' returned '0': CMAKE_PREFIX_PATH=${CMAKE_PREFIX_PATH}:/opt/ros/jazzy DEBUGINFOD_URLS=https://debuginfod.ubuntu.com /usr/bin/cmake --install /home/user/ros2_ws/build/my_first
